<?xml version="1.0" encoding="UTF-8"?>
<!-- Generated by org.testng.reporters.JUnitReportReporter -->
<testsuite hostname="DESKTOP-8MO4UD8" failures="0" tests="1" name="org.testNg.TestNgFile" time="0.008" errors="0" timestamp="2021-07-19T01:27:35 IST" skipped="0">
  <testcase classname="org.testNg.TestNgFile" name="tc1" time="0.008"/>
  <system-out/>
</testsuite> <!-- org.testNg.TestNgFile -->
